12-Aug-2019 23:02:45.083 INFO [main] org.apache.catalina.startup.VersionLoggerListener.log Server version:        Apache Tomcat/8.5.9
12-Aug-2019 23:02:45.086 INFO [main] org.apache.catalina.startup.VersionLoggerListener.log Server built:          Dec 5 2016 20:18:12 UTC
12-Aug-2019 23:02:45.086 INFO [main] org.apache.catalina.startup.VersionLoggerListener.log Server number:         8.5.9.0
12-Aug-2019 23:02:45.086 INFO [main] org.apache.catalina.startup.VersionLoggerListener.log OS Name:               Mac OS X
12-Aug-2019 23:02:45.086 INFO [main] org.apache.catalina.startup.VersionLoggerListener.log OS Version:            10.13.6
12-Aug-2019 23:02:45.086 INFO [main] org.apache.catalina.startup.VersionLoggerListener.log Architecture:          x86_64
12-Aug-2019 23:02:45.086 INFO [main] org.apache.catalina.startup.VersionLoggerListener.log Java Home:             /Library/Java/JavaVirtualMachines/jdk1.8.0_162.jdk/Contents/Home/jre
12-Aug-2019 23:02:45.086 INFO [main] org.apache.catalina.startup.VersionLoggerListener.log JVM Version:           1.8.0_162-b12
12-Aug-2019 23:02:45.086 INFO [main] org.apache.catalina.startup.VersionLoggerListener.log JVM Vendor:            Oracle Corporation
12-Aug-2019 23:02:45.086 INFO [main] org.apache.catalina.startup.VersionLoggerListener.log CATALINA_BASE:         /Users/aunayak/tools/tomcat
12-Aug-2019 23:02:45.086 INFO [main] org.apache.catalina.startup.VersionLoggerListener.log CATALINA_HOME:         /Users/aunayak/tools/tomcat
12-Aug-2019 23:02:45.087 INFO [main] org.apache.catalina.startup.VersionLoggerListener.log Command line argument: -Djava.util.logging.config.file=/Users/aunayak/tools/tomcat/conf/logging.properties
12-Aug-2019 23:02:45.087 INFO [main] org.apache.catalina.startup.VersionLoggerListener.log Command line argument: -Djava.util.logging.manager=org.apache.juli.ClassLoaderLogManager
12-Aug-2019 23:02:45.087 INFO [main] org.apache.catalina.startup.VersionLoggerListener.log Command line argument: -Djdk.tls.ephemeralDHKeySize=2048
12-Aug-2019 23:02:45.087 INFO [main] org.apache.catalina.startup.VersionLoggerListener.log Command line argument: -Djava.protocol.handler.pkgs=org.apache.catalina.webresources
12-Aug-2019 23:02:45.088 INFO [main] org.apache.catalina.startup.VersionLoggerListener.log Command line argument: -Dcatalina.base=/Users/aunayak/tools/tomcat
12-Aug-2019 23:02:45.088 INFO [main] org.apache.catalina.startup.VersionLoggerListener.log Command line argument: -Dcatalina.home=/Users/aunayak/tools/tomcat
12-Aug-2019 23:02:45.088 INFO [main] org.apache.catalina.startup.VersionLoggerListener.log Command line argument: -Djava.io.tmpdir=/Users/aunayak/tools/tomcat/temp
12-Aug-2019 23:02:45.088 INFO [main] org.apache.catalina.core.AprLifecycleListener.lifecycleEvent The APR based Apache Tomcat Native library which allows optimal performance in production environments was not found on the java.library.path: /Users/aunayak/Library/Java/Extensions:/Library/Java/Extensions:/Network/Library/Java/Extensions:/System/Library/Java/Extensions:/usr/lib/java:.
12-Aug-2019 23:02:45.211 INFO [main] org.apache.coyote.AbstractProtocol.init Initializing ProtocolHandler ["http-nio-8080"]
12-Aug-2019 23:02:45.235 INFO [main] org.apache.tomcat.util.net.NioSelectorPool.getSharedSelector Using a shared selector for servlet write/read
12-Aug-2019 23:02:45.237 INFO [main] org.apache.coyote.AbstractProtocol.init Initializing ProtocolHandler ["ajp-nio-8009"]
12-Aug-2019 23:02:45.239 INFO [main] org.apache.tomcat.util.net.NioSelectorPool.getSharedSelector Using a shared selector for servlet write/read
12-Aug-2019 23:02:45.239 INFO [main] org.apache.catalina.startup.Catalina.load Initialization processed in 539 ms
12-Aug-2019 23:02:45.261 INFO [main] org.apache.catalina.core.StandardService.startInternal Starting service Catalina
12-Aug-2019 23:02:45.261 INFO [main] org.apache.catalina.core.StandardEngine.startInternal Starting Servlet Engine: Apache Tomcat/8.5.9
12-Aug-2019 23:02:45.270 INFO [localhost-startStop-1] org.apache.catalina.startup.HostConfig.deployDirectory Deploying web application directory /Users/aunayak/tools/tomcat/webapps/docs
12-Aug-2019 23:02:45.549 INFO [localhost-startStop-1] org.apache.catalina.startup.HostConfig.deployDirectory Deployment of web application directory /Users/aunayak/tools/tomcat/webapps/docs has finished in 279 ms
12-Aug-2019 23:02:45.549 INFO [localhost-startStop-1] org.apache.catalina.startup.HostConfig.deployDirectory Deploying web application directory /Users/aunayak/tools/tomcat/webapps/keywordSearchAlgorithm
12-Aug-2019 23:02:45.595 INFO [localhost-startStop-1] org.apache.jasper.servlet.TldScanner.scanJars At least one JAR was scanned for TLDs yet contained no TLDs. Enable debug logging for this logger for a complete list of JARs that were scanned but no TLDs were found in them. Skipping unneeded JARs during scanning can improve startup time and JSP compilation time.
12-Aug-2019 23:02:45.600 INFO [localhost-startStop-1] org.apache.catalina.startup.HostConfig.deployDirectory Deployment of web application directory /Users/aunayak/tools/tomcat/webapps/keywordSearchAlgorithm has finished in 51 ms
12-Aug-2019 23:02:45.600 INFO [localhost-startStop-1] org.apache.catalina.startup.HostConfig.deployDirectory Deploying web application directory /Users/aunayak/tools/tomcat/webapps/manager
12-Aug-2019 23:02:45.628 INFO [localhost-startStop-1] org.apache.catalina.startup.HostConfig.deployDirectory Deployment of web application directory /Users/aunayak/tools/tomcat/webapps/manager has finished in 28 ms
12-Aug-2019 23:02:45.629 INFO [localhost-startStop-1] org.apache.catalina.startup.HostConfig.deployDirectory Deploying web application directory /Users/aunayak/tools/tomcat/webapps/examples
12-Aug-2019 23:02:45.884 INFO [localhost-startStop-1] org.apache.catalina.startup.HostConfig.deployDirectory Deployment of web application directory /Users/aunayak/tools/tomcat/webapps/examples has finished in 255 ms
12-Aug-2019 23:02:45.884 INFO [localhost-startStop-1] org.apache.catalina.startup.HostConfig.deployDirectory Deploying web application directory /Users/aunayak/tools/tomcat/webapps/ROOT
12-Aug-2019 23:02:45.895 INFO [localhost-startStop-1] org.apache.catalina.startup.HostConfig.deployDirectory Deployment of web application directory /Users/aunayak/tools/tomcat/webapps/ROOT has finished in 11 ms
12-Aug-2019 23:02:45.896 INFO [localhost-startStop-1] org.apache.catalina.startup.HostConfig.deployDirectory Deploying web application directory /Users/aunayak/tools/tomcat/webapps/host-manager
12-Aug-2019 23:02:45.912 INFO [localhost-startStop-1] org.apache.catalina.startup.HostConfig.deployDirectory Deployment of web application directory /Users/aunayak/tools/tomcat/webapps/host-manager has finished in 16 ms
12-Aug-2019 23:02:45.915 INFO [main] org.apache.coyote.AbstractProtocol.start Starting ProtocolHandler [http-nio-8080]
12-Aug-2019 23:02:45.920 INFO [main] org.apache.coyote.AbstractProtocol.start Starting ProtocolHandler [ajp-nio-8009]
12-Aug-2019 23:02:45.921 INFO [main] org.apache.catalina.startup.Catalina.start Server startup in 682 ms
12-Aug-2019 23:39:17.578 INFO [ContainerBackgroundProcessor[StandardEngine[Catalina]]] org.apache.catalina.startup.HostConfig.undeploy Undeploying context []
12-Aug-2019 23:39:18.099 INFO [ContainerBackgroundProcessor[StandardEngine[Catalina]]] org.apache.catalina.startup.HostConfig.undeploy Undeploying context [/examples]
12-Aug-2019 23:39:18.610 INFO [ContainerBackgroundProcessor[StandardEngine[Catalina]]] org.apache.catalina.startup.HostConfig.undeploy Undeploying context [/host-manager]
12-Aug-2019 23:39:19.118 INFO [ContainerBackgroundProcessor[StandardEngine[Catalina]]] org.apache.catalina.startup.HostConfig.undeploy Undeploying context [/manager]
12-Aug-2019 23:39:19.625 INFO [ContainerBackgroundProcessor[StandardEngine[Catalina]]] org.apache.catalina.startup.HostConfig.undeploy Undeploying context [/docs]
12-Aug-2019 23:46:28.295 INFO [main] org.apache.catalina.startup.VersionLoggerListener.log Server version:        Apache Tomcat/8.5.9
12-Aug-2019 23:46:28.297 INFO [main] org.apache.catalina.startup.VersionLoggerListener.log Server built:          Dec 5 2016 20:18:12 UTC
12-Aug-2019 23:46:28.297 INFO [main] org.apache.catalina.startup.VersionLoggerListener.log Server number:         8.5.9.0
12-Aug-2019 23:46:28.298 INFO [main] org.apache.catalina.startup.VersionLoggerListener.log OS Name:               Mac OS X
12-Aug-2019 23:46:28.298 INFO [main] org.apache.catalina.startup.VersionLoggerListener.log OS Version:            10.13.4
12-Aug-2019 23:46:28.298 INFO [main] org.apache.catalina.startup.VersionLoggerListener.log Architecture:          x86_64
12-Aug-2019 23:46:28.298 INFO [main] org.apache.catalina.startup.VersionLoggerListener.log Java Home:             /Library/Java/JavaVirtualMachines/jdk1.8.0_181.jdk/Contents/Home/jre
12-Aug-2019 23:46:28.298 INFO [main] org.apache.catalina.startup.VersionLoggerListener.log JVM Version:           1.8.0_181-b13
12-Aug-2019 23:46:28.298 INFO [main] org.apache.catalina.startup.VersionLoggerListener.log JVM Vendor:            Oracle Corporation
12-Aug-2019 23:46:28.298 INFO [main] org.apache.catalina.startup.VersionLoggerListener.log CATALINA_BASE:         /Users/hdesraj/result/tomcat
12-Aug-2019 23:46:28.298 INFO [main] org.apache.catalina.startup.VersionLoggerListener.log CATALINA_HOME:         /Users/hdesraj/result/tomcat
12-Aug-2019 23:46:28.299 INFO [main] org.apache.catalina.startup.VersionLoggerListener.log Command line argument: -Djava.util.logging.config.file=/Users/hdesraj/result/tomcat/conf/logging.properties
12-Aug-2019 23:46:28.299 INFO [main] org.apache.catalina.startup.VersionLoggerListener.log Command line argument: -Djava.util.logging.manager=org.apache.juli.ClassLoaderLogManager
12-Aug-2019 23:46:28.299 INFO [main] org.apache.catalina.startup.VersionLoggerListener.log Command line argument: -Djdk.tls.ephemeralDHKeySize=2048
12-Aug-2019 23:46:28.299 INFO [main] org.apache.catalina.startup.VersionLoggerListener.log Command line argument: -Djava.protocol.handler.pkgs=org.apache.catalina.webresources
12-Aug-2019 23:46:28.299 INFO [main] org.apache.catalina.startup.VersionLoggerListener.log Command line argument: -Dcatalina.base=/Users/hdesraj/result/tomcat
12-Aug-2019 23:46:28.299 INFO [main] org.apache.catalina.startup.VersionLoggerListener.log Command line argument: -Dcatalina.home=/Users/hdesraj/result/tomcat
12-Aug-2019 23:46:28.300 INFO [main] org.apache.catalina.startup.VersionLoggerListener.log Command line argument: -Djava.io.tmpdir=/Users/hdesraj/result/tomcat/temp
12-Aug-2019 23:46:28.300 INFO [main] org.apache.catalina.core.AprLifecycleListener.lifecycleEvent The APR based Apache Tomcat Native library which allows optimal performance in production environments was not found on the java.library.path: /Users/hdesraj/Library/Java/Extensions:/Library/Java/Extensions:/Network/Library/Java/Extensions:/System/Library/Java/Extensions:/usr/lib/java:.
12-Aug-2019 23:46:28.428 INFO [main] org.apache.coyote.AbstractProtocol.init Initializing ProtocolHandler ["http-nio-8080"]
12-Aug-2019 23:46:28.457 INFO [main] org.apache.tomcat.util.net.NioSelectorPool.getSharedSelector Using a shared selector for servlet write/read
12-Aug-2019 23:46:28.460 INFO [main] org.apache.coyote.AbstractProtocol.init Initializing ProtocolHandler ["ajp-nio-8009"]
12-Aug-2019 23:46:28.461 INFO [main] org.apache.tomcat.util.net.NioSelectorPool.getSharedSelector Using a shared selector for servlet write/read
12-Aug-2019 23:46:28.461 INFO [main] org.apache.catalina.startup.Catalina.load Initialization processed in 558 ms
12-Aug-2019 23:46:28.487 INFO [main] org.apache.catalina.core.StandardService.startInternal Starting service Catalina
12-Aug-2019 23:46:28.487 INFO [main] org.apache.catalina.core.StandardEngine.startInternal Starting Servlet Engine: Apache Tomcat/8.5.9
12-Aug-2019 23:46:28.494 INFO [localhost-startStop-1] org.apache.catalina.startup.HostConfig.deployDirectory Deploying web application directory /Users/hdesraj/result/tomcat/webapps/keywordSearchAlgorithm
12-Aug-2019 23:46:28.792 INFO [localhost-startStop-1] org.apache.jasper.servlet.TldScanner.scanJars At least one JAR was scanned for TLDs yet contained no TLDs. Enable debug logging for this logger for a complete list of JARs that were scanned but no TLDs were found in them. Skipping unneeded JARs during scanning can improve startup time and JSP compilation time.
12-Aug-2019 23:46:28.822 INFO [localhost-startStop-1] org.apache.catalina.startup.HostConfig.deployDirectory Deployment of web application directory /Users/hdesraj/result/tomcat/webapps/keywordSearchAlgorithm has finished in 328 ms
12-Aug-2019 23:46:28.824 INFO [main] org.apache.coyote.AbstractProtocol.start Starting ProtocolHandler [http-nio-8080]
12-Aug-2019 23:46:28.830 INFO [main] org.apache.coyote.AbstractProtocol.start Starting ProtocolHandler [ajp-nio-8009]
12-Aug-2019 23:46:28.830 INFO [main] org.apache.catalina.startup.Catalina.start Server startup in 368 ms
